<?xml version="1.0" encoding="UTF-8"?>
<!-- Generated by org.testng.reporters.JUnitXMLReporter -->
<testsuite hostname="Kishlay" name="Regression suite 1" tests="15" failures="0" timestamp="18 Nov 2015 10:22:52 GMT" time="306.126" errors="0">
  <testcase name="testApplianceLandingPage" time="32.451" classname="mobileWeb.Mobile_HousejoyAppliancesPageTest_1"/>
  <testcase name="testHousejoySemTrackingTable" time="4.247" classname="mobileWeb.Mobile_HousejoyAppliancesPageTest_1"/>
  <testcase name="testApplianceBookingPage" time="25.82" classname="mobileWeb.Mobile_HousejoyAppliancesPageTest_1"/>
  <testcase name="testLeadMasterTableValidation" time="5.982" classname="mobileWeb.Mobile_HousejoyAppliancesPageTest_1"/>
  <testcase name="testVerifyApplianceThankUPageData" time="5.196" classname="mobileWeb.Mobile_HousejoyAppliancesPageTest_1"/>
  <testcase name="testApplianceLandingPage" time="23.063" classname="mobileWeb.Mobile_HousejoyAppliancesPageTest_2"/>
  <testcase name="testHousejoySemTrackingTable" time="4.266" classname="mobileWeb.Mobile_HousejoyAppliancesPageTest_2"/>
  <testcase name="testApplianceBookingPage" time="37.757" classname="mobileWeb.Mobile_HousejoyAppliancesPageTest_2"/>
  <testcase name="testLeadMasterTableValidation" time="7.712" classname="mobileWeb.Mobile_HousejoyAppliancesPageTest_2"/>
  <testcase name="testVerifyApplianceThankUPageData" time="5.07" classname="mobileWeb.Mobile_HousejoyAppliancesPageTest_2"/>
  <testcase name="testApplianceLandingPage" time="13.703" classname="mobileWeb.Mobile_HousejoyAppliancesPageTest_acRepair"/>
  <testcase name="testHousejoySemTrackingTable" time="3.692" classname="mobileWeb.Mobile_HousejoyAppliancesPageTest_acRepair"/>
  <testcase name="testApplianceBookingPage" time="32.446" classname="mobileWeb.Mobile_HousejoyAppliancesPageTest_acRepair"/>
  <testcase name="testLeadMasterTableValidation" time="6.285" classname="mobileWeb.Mobile_HousejoyAppliancesPageTest_acRepair"/>
  <testcase name="testVerifyApplianceThankUPageData" time="6.87" classname="mobileWeb.Mobile_HousejoyAppliancesPageTest_acRepair"/>
</testsuite> <!-- Regression suite 1 -->
